0 info it worked if it ends with ok
1 verbose cli [ 'D:\\node\\node.exe',
1 verbose cli   'C:\\Users\\dell\\AppData\\Roaming\\npm\\node_modules\\cnpm\\node_modules\\npm\\bin\\npm-cli.js',
1 verbose cli   '--userconfig=C:\\Users\\dell\\.cnpmrc',
1 verbose cli   '--disturl=https://npm.taobao.org/mirrors/node',
1 verbose cli   '--registry=https://registry.npm.taobao.org',
1 verbose cli   'run',
1 verbose cli   'dev' ]
2 info using npm@3.10.10
3 info using node@v8.1.4
4 verbose run-script [ 'predev', 'dev', 'postdev' ]
5 info lifecycle trainticket-app2@1.0.0~predev: trainticket-app2@1.0.0
6 silly lifecycle trainticket-app2@1.0.0~predev: no script for predev, continuing
7 info lifecycle trainticket-app2@1.0.0~dev: trainticket-app2@1.0.0
8 verbose lifecycle trainticket-app2@1.0.0~dev: unsafe-perm in lifecycle true
9 verbose lifecycle trainticket-app2@1.0.0~dev: PATH: C:\Users\dell\AppData\Roaming\npm\node_modules\cnpm\node_modules\npm\bin\node-gyp-bin;F:\git\bus\node_modules\.bin;C:\Program Files (x86)\Intel\iCLS Client\;C:\Program Files\Intel\iCLS Client\;C:\Windows\system32;C:\Windows;C:\Windows\System32\Wbem;C:\Windows\System32\WindowsPowerShell\v1.0\;C:\Program Files (x86)\NVIDIA Corporation\PhysX\Common;C:\Program Files (x86)\Intel\Intel(R) Management Engine Components\DAL;C:\Program Files\Intel\Intel(R) Management Engine Components\DAL;C:\Program Files (x86)\Intel\Intel(R) Management Engine Components\IPT;C:\Program Files\Intel\Intel(R) Management Engine Components\IPT;D:\apache-maven-3.5.0\bin;C:\Program Files\Git\cmd;C:\Program Files\Java\jdk1.8.0_92\bin;D:\node\;C:\Program Files\Intel\WiFi\bin\;C:\Program Files\Common Files\Intel\WirelessCommon\;F:\xampp\php;F:\php;C:\Users\dell\AppData\Local\Microsoft\WindowsApps;C:\Users\dell\AppData\Roaming\npm;C:\Users\dell\AppData\Roaming\Composer\vendor\bin
10 verbose lifecycle trainticket-app2@1.0.0~dev: CWD: F:\git\bus
11 silly lifecycle trainticket-app2@1.0.0~dev: Args: [ '/d /s /c', 'node build/dev-server.js' ]
12 silly lifecycle trainticket-app2@1.0.0~dev: Returned: code: 3221225786  signal: null
13 info lifecycle trainticket-app2@1.0.0~dev: Failed to exec dev script
14 verbose stack Error: trainticket-app2@1.0.0 dev: `node build/dev-server.js`
14 verbose stack Exit status 3221225786
14 verbose stack     at EventEmitter.<anonymous> (C:\Users\dell\AppData\Roaming\npm\node_modules\cnpm\node_modules\npm\lib\utils\lifecycle.js:255:16)
14 verbose stack     at emitTwo (events.js:125:13)
14 verbose stack     at EventEmitter.emit (events.js:213:7)
14 verbose stack     at ChildProcess.<anonymous> (C:\Users\dell\AppData\Roaming\npm\node_modules\cnpm\node_modules\npm\lib\utils\spawn.js:40:14)
14 verbose stack     at emitTwo (events.js:125:13)
14 verbose stack     at ChildProcess.emit (events.js:213:7)
14 verbose stack     at maybeClose (internal/child_process.js:897:16)
14 verbose stack     at Process.ChildProcess._handle.onexit (internal/child_process.js:208:5)
15 verbose pkgid trainticket-app2@1.0.0
16 verbose cwd F:\git\bus
17 error Windows_NT 10.0.14393
18 error argv "D:\\node\\node.exe" "C:\\Users\\dell\\AppData\\Roaming\\npm\\node_modules\\cnpm\\node_modules\\npm\\bin\\npm-cli.js" "--userconfig=C:\\Users\\dell\\.cnpmrc" "--disturl=https://npm.taobao.org/mirrors/node" "--registry=https://registry.npm.taobao.org" "run" "dev"
19 error node v8.1.4
20 error npm  v3.10.10
21 error code ELIFECYCLE
22 error trainticket-app2@1.0.0 dev: `node build/dev-server.js`
22 error Exit status 3221225786
23 error Failed at the trainticket-app2@1.0.0 dev script 'node build/dev-server.js'.
23 error Make sure you have the latest version of node.js and npm installed.
23 error If you do, this is most likely a problem with the trainticket-app2 package,
23 error not with npm itself.
23 error Tell the author that this fails on your system:
23 error     node build/dev-server.js
23 error You can get information on how to open an issue for this project with:
23 error     npm bugs trainticket-app2
23 error Or if that isn't available, you can get their info via:
23 error     npm owner ls trainticket-app2
23 error There is likely additional logging output above.
24 verbose exit [ 1, true ]
